<?xml version="1.0" encoding="UTF-8"?>
<!-- Generated by org.testng.reporters.JUnitXMLReporter -->
<testsuite ignored="0" hostname="DESKTOP-KA8V3G6" failures="0" tests="3" name="Default test" time="11.589" errors="0" timestamp="2024-07-05T13:51:51 IST">
  <testcase classname="com.gtentechnologies.tests.HomePageTest" name="checkWhetherHomeTitleIsCorrect" time="0.081"/>
  <testcase classname="com.gtentechnologies.tests.HomePageTest" name="checkWhetherServicesIsCorrect" time="0.104"/>
  <testcase classname="com.gtentechnologies.tests.HomePageTest" name="checkWhetherWebTitleIsCorrect" time="0.025"/>
</testsuite> <!-- Default test -->
