<?xml version="1.0" encoding="UTF-8"?>
<!-- Generated by org.testng.reporters.JUnitXMLReporter -->
<testsuite ignored="4" hostname="DESKTOP-KA8V3G6" failures="0" tests="1" name="Default test" time="5.183" errors="0" timestamp="2024-07-05T17:37:02 IST">
  <testcase classname="com.gtentechnologies.tests.HomePageTest" name="checkWhetherAboutusDescription" time="0.098"/>
  <testcase classname="com.gtentechnologies.tests.HomePageTest" name="checkWhetherServicesIsCorrect" time="0.0">
    <ignored/>
  </testcase> <!-- checkWhetherServicesIsCorrect -->
  <testcase classname="com.gtentechnologies.tests.HomePageTest" name="checkWhetherWebTitleIsCorrect" time="0.0">
    <ignored/>
  </testcase> <!-- checkWhetherWebTitleIsCorrect -->
  <testcase classname="com.gtentechnologies.tests.HomePageTest" name="checkWhetherHomeTitleIsCorrect" time="0.0">
    <ignored/>
  </testcase> <!-- checkWhetherHomeTitleIsCorrect -->
  <testcase classname="com.gtentechnologies.tests.HomePageTest" name="checkAllServicesAreDisplayed" time="0.0">
    <ignored/>
  </testcase> <!-- checkAllServicesAreDisplayed -->
</testsuite> <!-- Default test -->
