<?xml version="1.0" encoding="UTF-8"?>
<testng-results ignored="0" total="2" passed="2" failed="0" skipped="0">
  <reporter-output>
  </reporter-output>
  <suite started-at="2024-07-04T15:47:28 IST" name="Default suite" finished-at="2024-07-04T15:47:36 IST" duration-ms="8382">
    <groups>
    </groups>
    <test started-at="2024-07-04T15:47:28 IST" name="Default test" finished-at="2024-07-04T15:47:36 IST" duration-ms="8382">
      <class name="com.gtentechnologies.tests.HomePageTest">
        <test-method is-config="true" signature="driverInitialize()[pri:0, instance:com.gtentechnologies.tests.HomePageTest@4802796d]" started-at="2024-07-04T15:47:28 IST" name="driverInitialize" finished-at="2024-07-04T15:47:33 IST" duration-ms="4886" status="PASS">
          <reporter-output>
          </reporter-output>
        </test-method> <!-- driverInitialize -->
        <test-method signature="checkWhetherHomeTitleIsCorrect()[pri:0, instance:com.gtentechnologies.tests.HomePageTest@4802796d]" started-at="2024-07-04T15:47:33 IST" name="checkWhetherHomeTitleIsCorrect" finished-at="2024-07-04T15:47:33 IST" duration-ms="79" status="PASS">
          <reporter-output>
          </reporter-output>
        </test-method> <!-- checkWhetherHomeTitleIsCorrect -->
        <test-method is-config="true" signature="driverInitialize()[pri:0, instance:com.gtentechnologies.tests.HomePageTest@4802796d]" started-at="2024-07-04T15:47:33 IST" name="driverInitialize" finished-at="2024-07-04T15:47:36 IST" duration-ms="3343" status="PASS">
          <reporter-output>
          </reporter-output>
        </test-method> <!-- driverInitialize -->
        <test-method signature="checkWhetherWebTitleIsCorrect()[pri:0, instance:com.gtentechnologies.tests.HomePageTest@4802796d]" started-at="2024-07-04T15:47:36 IST" name="checkWhetherWebTitleIsCorrect" finished-at="2024-07-04T15:47:36 IST" duration-ms="11" status="PASS">
          <reporter-output>
          </reporter-output>
        </test-method> <!-- checkWhetherWebTitleIsCorrect -->
      </class> <!-- com.gtentechnologies.tests.HomePageTest -->
    </test> <!-- Default test -->
  </suite> <!-- Default suite -->
</testng-results>
