<?xml version="1.0" encoding="UTF-8"?>
<testng-results ignored="0" total="3" passed="3" failed="0" skipped="0">
  <reporter-output>
  </reporter-output>
  <suite started-at="2024-07-05T13:51:39 IST" name="Default suite" finished-at="2024-07-05T13:51:51 IST" duration-ms="11589">
    <groups>
    </groups>
    <test started-at="2024-07-05T13:51:39 IST" name="Default test" finished-at="2024-07-05T13:51:51 IST" duration-ms="11589">
      <class name="com.gtentechnologies.tests.HomePageTest">
        <test-method is-config="true" signature="driverInitialize()[pri:0, instance:com.gtentechnologies.tests.HomePageTest@59474f18]" started-at="2024-07-05T13:51:39 IST" name="driverInitialize" finished-at="2024-07-05T13:51:43 IST" duration-ms="4003" status="PASS">
          <reporter-output>
          </reporter-output>
        </test-method> <!-- driverInitialize -->
        <test-method signature="checkWhetherHomeTitleIsCorrect()[pri:0, instance:com.gtentechnologies.tests.HomePageTest@59474f18]" started-at="2024-07-05T13:51:43 IST" name="checkWhetherHomeTitleIsCorrect" finished-at="2024-07-05T13:51:43 IST" duration-ms="81" status="PASS">
          <reporter-output>
          </reporter-output>
        </test-method> <!-- checkWhetherHomeTitleIsCorrect -->
        <test-method is-config="true" signature="driverInitialize()[pri:0, instance:com.gtentechnologies.tests.HomePageTest@59474f18]" started-at="2024-07-05T13:51:43 IST" name="driverInitialize" finished-at="2024-07-05T13:51:47 IST" duration-ms="3466" status="PASS">
          <reporter-output>
          </reporter-output>
        </test-method> <!-- driverInitialize -->
        <test-method signature="checkWhetherServicesIsCorrect()[pri:0, instance:com.gtentechnologies.tests.HomePageTest@59474f18]" started-at="2024-07-05T13:51:47 IST" name="checkWhetherServicesIsCorrect" finished-at="2024-07-05T13:51:47 IST" duration-ms="104" status="PASS">
          <reporter-output>
          </reporter-output>
        </test-method> <!-- checkWhetherServicesIsCorrect -->
        <test-method is-config="true" signature="driverInitialize()[pri:0, instance:com.gtentechnologies.tests.HomePageTest@59474f18]" started-at="2024-07-05T13:51:47 IST" name="driverInitialize" finished-at="2024-07-05T13:51:51 IST" duration-ms="3849" status="PASS">
          <reporter-output>
          </reporter-output>
        </test-method> <!-- driverInitialize -->
        <test-method signature="checkWhetherWebTitleIsCorrect()[pri:0, instance:com.gtentechnologies.tests.HomePageTest@59474f18]" started-at="2024-07-05T13:51:51 IST" name="checkWhetherWebTitleIsCorrect" finished-at="2024-07-05T13:51:51 IST" duration-ms="25" status="PASS">
          <reporter-output>
          </reporter-output>
        </test-method> <!-- checkWhetherWebTitleIsCorrect -->
      </class> <!-- com.gtentechnologies.tests.HomePageTest -->
    </test> <!-- Default test -->
  </suite> <!-- Default suite -->
</testng-results>
